
 Introduce o orde do sistema: 


 O orde introduce e:            3


 Introduza matriz A:
 Fila :           1
 Fila :           2
 Fila :           3
 A matriz A e: 
   3.00000000      -3.00000000      -3.00000000    
  -1.00000000       3.00000000      -1.00000000    
  -1.00000000      -1.00000000       7.00000000    

 Introduza o termino independente b: 
 O termo independente b e: 
   1.00000000       2.00000000       3.00000000    

 A matriz A e: 
  -3.31662488       3.31662464       4.52266979    
  -1.00000000      -2.82842708       5.65685463    
  -1.00000000      -2.00000000       2.55840874    

 Residuo:    1.62142169E-06


 Vector u (Solucion): 


   4.33333302       2.58333349       1.41666663    

