
 Introduce o orde do sistema: 


 O orde introduce e:            3


 Introduza matriz triangular superior A (por filas parte superior):
 Fila :           1
 Fila :           2
 Fila :           3
 A matriz A e: 
   1.00000000      -1.00000000       1.00000000    
   0.00000000       5.00000000      -5.00000000    
   0.00000000       0.00000000       6.00000000    

 Introduza o termino independente b: 
 O termo independente b e: 
   1.00000000       2.00000000       3.00000000    

   5.00000000    
   5.00000000    
   6.00000000    
   6.00000000    
   6.00000000    
   6.00000000    
 Fact Cholesky: 
   1.00000000      -1.00000000       1.00000000    
   0.00000000       2.23606801      -5.00000000    
   0.00000000       0.00000000       2.44948983    


 Vector u (Solucion): 


   3.40829468       3.63303971       1.22474480    

