 Introduce o orde do sistema: 

 O orde introducido e:            3


 Introduce a diagonal principal: 


 Introduce a diagonal inferior: 

 Introduce el segundo miembro: 


 Diagonal principal:    1.00000000       2.43540001       3.00000000    
 Diagonal inferior    1.00000000       1.00000000    
 Segundo miembro:    3.00000000       4.00000000       6.00000000    


 Diagonal principal:    1.00000000       1.19808185       1.51767266    
 Diagonal inferior    1.00000000      0.834667504    
 Segundo miembro:    3.00000000       4.00000000       6.00000000    

   4.00000000    
   3.00000000    
   1.19808185    
   6.00000000    
  0.834667504    
   1.51767266    
 Vector w:
   3.00000000      0.834667504       3.49438357    


 Vector u (Solucion): 


   3.90738606     -0.907386005       2.30246186    


 Tridiag:    3.00000000       4.00000000       6.00000000    

 rESIDUO:    0.00000000       0.00000000       0.00000000    

 Residuo:    0.00000000    

